<?xml version="1.0" encoding="UTF-8"?>
<testsuite xmlns:xsi="http://www.w3.org/2001/XMLSchema-instance" xsi:noNamespaceSchemaLocation="https://maven.apache.org/surefire/maven-surefire-plugin/xsd/surefire-test-report.xsd" name="com.backend.api.tests.repositories.ProductRepositoryTest" time="10.212" tests="2" errors="0" skipped="0" failures="0">
  <properties>
[...]
</properties>
  <testcase name="repository_test_save_a_product" classname="com.backend.api.tests.repositories.ProductRepositoryTest" time="0.404"/>
  <testcase name="repository_test_get_two_products_by_autoComplete" classname="com.backend.api.tests.repositories.ProductRepositoryTest" time="0.221"/>
</testsuite>